<?xml version="1.0" encoding="UTF-8"?>
<!-- Generated by org.testng.reporters.JUnitReportReporter -->
<testsuite hostname="lab-01-09" failures="0" tests="2" name="testNG2Demo.AnnotationTest" time="0.006" errors="0" timestamp="2023-12-28T15:20:32 IST" skipped="0">
  <testcase classname="testNG2Demo.AnnotationTest" name="testMethod2" time="0.001"/>
  <testcase classname="testNG2Demo.AnnotationTest" name="testMethod1" time="0.005"/>
</testsuite> <!-- testNG2Demo.AnnotationTest -->
